Arguments: 
  /usr/local/bin/node /opt/yarn-v1.22.19/bin/yarn.js install

PATH: 
  /usr/local/share/nvm/current/bin:/usr/local/share/npm-global/bin:/usr/local/sbin:/usr/local/bin:/usr/sbin:/usr/bin:/sbin:/bin:/root/.local/bin

Yarn version: 
  1.22.19

Node version: 
  20.9.0

Platform: 
  linux x64

Trace: 
  Error: ENOENT: no such file or directory, open '/root/.cache/yarn/v6/npm-safe-base64-2.0.1-0-7ca67051f3353929378f1617231be0df977a82f2-integrity/node_modules/safe-base64/.yarn-tarball.tgz'

npm manifest: 
  {
  	"name": "discord-server-cloner-2",
  	"version": "2.0",
  	"description": "Discord Server Cloner 2.0 - Infinite community",
  	"main": "src/index",
  	"scripts": {
  		"start": "tsx src/index"
  	},
  	"devDependencies": {
  		"@types/gradient-string": "^1.1.2",
  		"@types/node": "^20.6.0",
  		"ts-node": "^10.9.1",
  		"typescript": "^5.2.2"
  	},
  	"keywords": [],
  	"author": "joaokristani",
  	"license": "ISC",
  	"dependencies": {
  		"boxen": "^7.1.1",
  		"chalk": "^5.3.0",
  		"discord.js-selfbot-v13": "^2.14.10",
  		"dotenv": "^16.3.1",
  		"gradient-string": "^2.0.2",
  		"node-fetch": "^3.3.2",
  		"tsx": "^3.12.10"
  	}
  }

yarn manifest: 
  No manifest

Lockfile: 
  No lockfile
